Copyright 1986-2018 Xilinx, Inc. All Rights Reserved.
-----------------------------------------------------------------------------------------------------------------------------------------------
| Tool Version : Vivado v.2018.3 (win64) Build 2405991 Thu Dec  6 23:38:27 MST 2018
| Date         : Fri Jul 15 17:46:19 2022
| Host         : luoboLaptopYoga14s running 64-bit major release  (build 9200)
| Command      : report_methodology -file top_methodology_drc_routed.rpt -pb top_methodology_drc_routed.pb -rpx top_methodology_drc_routed.rpx
| Design       : top
| Device       : xc7a100tfgg484-1
| Speed File   : -1
| Design State : Fully Routed
-----------------------------------------------------------------------------------------------------------------------------------------------

Report Methodology

Table of Contents
-----------------
1. REPORT SUMMARY
2. REPORT DETAILS

1. REPORT SUMMARY
-----------------
            Netlist: netlist
          Floorplan: design_1
      Design limits: <entire design considered>
             Max violations: <unlimited>
             Violations found: 97
+-----------+----------+-----------------------------+------------+
| Rule      | Severity | Description                 | Violations |
+-----------+----------+-----------------------------+------------+
| TIMING-17 | Warning  | Non-clocked sequential cell | 22         |
| TIMING-20 | Warning  | Non-clocked latch           | 75         |
+-----------+----------+-----------------------------+------------+

2. REPORT DETAILS
-----------------
TIMING-17#1 Warning
Non-clocked sequential cell  
The clock pin u_IO_Bus/u_led_driver/led_ca_o_reg/C is not reached by a timing clock
Related violations: <none>

TIMING-17#2 Warning
Non-clocked sequential cell  
The clock pin u_IO_Bus/u_led_driver/led_cb_o_reg/C is not reached by a timing clock
Related violations: <none>

TIMING-17#3 Warning
Non-clocked sequential cell  
The clock pin u_IO_Bus/u_led_driver/led_cc_o_reg/C is not reached by a timing clock
Related violations: <none>

TIMING-17#4 Warning
Non-clocked sequential cell  
The clock pin u_IO_Bus/u_led_driver/led_cd_o_reg/C is not reached by a timing clock
Related violations: <none>

TIMING-17#5 Warning
Non-clocked sequential cell  
The clock pin u_IO_Bus/u_led_driver/led_ce_o_reg/C is not reached by a timing clock
Related violations: <none>

TIMING-17#6 Warning
Non-clocked sequential cell  
The clock pin u_IO_Bus/u_led_driver/led_cf_o_reg/C is not reached by a timing clock
Related violations: <none>

TIMING-17#7 Warning
Non-clocked sequential cell  
The clock pin u_IO_Bus/u_led_driver/led_cg_o_reg/C is not reached by a timing clock
Related violations: <none>

TIMING-17#8 Warning
Non-clocked sequential cell  
The clock pin u_IO_Bus/u_led_driver/led_cnt_reg[0]/C is not reached by a timing clock
Related violations: <none>

TIMING-17#9 Warning
Non-clocked sequential cell  
The clock pin u_IO_Bus/u_led_driver/led_cnt_reg[1]/C is not reached by a timing clock
Related violations: <none>

TIMING-17#10 Warning
Non-clocked sequential cell  
The clock pin u_IO_Bus/u_led_driver/led_cnt_reg[2]/C is not reached by a timing clock
Related violations: <none>

TIMING-17#11 Warning
Non-clocked sequential cell  
The clock pin u_IO_Bus/u_led_driver/led_display_reg[0]/C is not reached by a timing clock
Related violations: <none>

TIMING-17#12 Warning
Non-clocked sequential cell  
The clock pin u_IO_Bus/u_led_driver/led_display_reg[1]/C is not reached by a timing clock
Related violations: <none>

TIMING-17#13 Warning
Non-clocked sequential cell  
The clock pin u_IO_Bus/u_led_driver/led_display_reg[2]/C is not reached by a timing clock
Related violations: <none>

TIMING-17#14 Warning
Non-clocked sequential cell  
The clock pin u_IO_Bus/u_led_driver/led_display_reg[3]/C is not reached by a timing clock
Related violations: <none>

TIMING-17#15 Warning
Non-clocked sequential cell  
The clock pin u_IO_Bus/u_led_driver/led_en_o_reg[0]/C is not reached by a timing clock
Related violations: <none>

TIMING-17#16 Warning
Non-clocked sequential cell  
The clock pin u_IO_Bus/u_led_driver/led_en_o_reg[1]/C is not reached by a timing clock
Related violations: <none>

TIMING-17#17 Warning
Non-clocked sequential cell  
The clock pin u_IO_Bus/u_led_driver/led_en_o_reg[2]/C is not reached by a timing clock
Related violations: <none>

TIMING-17#18 Warning
Non-clocked sequential cell  
The clock pin u_IO_Bus/u_led_driver/led_en_o_reg[3]/C is not reached by a timing clock
Related violations: <none>

TIMING-17#19 Warning
Non-clocked sequential cell  
The clock pin u_IO_Bus/u_led_driver/led_en_o_reg[4]/C is not reached by a timing clock
Related violations: <none>

TIMING-17#20 Warning
Non-clocked sequential cell  
The clock pin u_IO_Bus/u_led_driver/led_en_o_reg[5]/C is not reached by a timing clock
Related violations: <none>

TIMING-17#21 Warning
Non-clocked sequential cell  
The clock pin u_IO_Bus/u_led_driver/led_en_o_reg[6]/C is not reached by a timing clock
Related violations: <none>

TIMING-17#22 Warning
Non-clocked sequential cell  
The clock pin u_IO_Bus/u_led_driver/led_en_o_reg[7]/C is not reached by a timing clock
Related violations: <none>

TIMING-20#1 Warning
Non-clocked latch  
The latch u_IO_Bus/u_MEM/dram_input_reg[0] cannot be properly analyzed as its control pin u_IO_Bus/u_MEM/dram_input_reg[0]/G is not reached by a timing clock
Related violations: <none>

TIMING-20#2 Warning
Non-clocked latch  
The latch u_IO_Bus/u_MEM/dram_input_reg[10] cannot be properly analyzed as its control pin u_IO_Bus/u_MEM/dram_input_reg[10]/G is not reached by a timing clock
Related violations: <none>

TIMING-20#3 Warning
Non-clocked latch  
The latch u_IO_Bus/u_MEM/dram_input_reg[11] cannot be properly analyzed as its control pin u_IO_Bus/u_MEM/dram_input_reg[11]/G is not reached by a timing clock
Related violations: <none>

TIMING-20#4 Warning
Non-clocked latch  
The latch u_IO_Bus/u_MEM/dram_input_reg[12] cannot be properly analyzed as its control pin u_IO_Bus/u_MEM/dram_input_reg[12]/G is not reached by a timing clock
Related violations: <none>

TIMING-20#5 Warning
Non-clocked latch  
The latch u_IO_Bus/u_MEM/dram_input_reg[13] cannot be properly analyzed as its control pin u_IO_Bus/u_MEM/dram_input_reg[13]/G is not reached by a timing clock
Related violations: <none>

TIMING-20#6 Warning
Non-clocked latch  
The latch u_IO_Bus/u_MEM/dram_input_reg[14] cannot be properly analyzed as its control pin u_IO_Bus/u_MEM/dram_input_reg[14]/G is not reached by a timing clock
Related violations: <none>

TIMING-20#7 Warning
Non-clocked latch  
The latch u_IO_Bus/u_MEM/dram_input_reg[15] cannot be properly analyzed as its control pin u_IO_Bus/u_MEM/dram_input_reg[15]/G is not reached by a timing clock
Related violations: <none>

TIMING-20#8 Warning
Non-clocked latch  
The latch u_IO_Bus/u_MEM/dram_input_reg[16] cannot be properly analyzed as its control pin u_IO_Bus/u_MEM/dram_input_reg[16]/G is not reached by a timing clock
Related violations: <none>

TIMING-20#9 Warning
Non-clocked latch  
The latch u_IO_Bus/u_MEM/dram_input_reg[17] cannot be properly analyzed as its control pin u_IO_Bus/u_MEM/dram_input_reg[17]/G is not reached by a timing clock
Related violations: <none>

TIMING-20#10 Warning
Non-clocked latch  
The latch u_IO_Bus/u_MEM/dram_input_reg[18] cannot be properly analyzed as its control pin u_IO_Bus/u_MEM/dram_input_reg[18]/G is not reached by a timing clock
Related violations: <none>

TIMING-20#11 Warning
Non-clocked latch  
The latch u_IO_Bus/u_MEM/dram_input_reg[19] cannot be properly analyzed as its control pin u_IO_Bus/u_MEM/dram_input_reg[19]/G is not reached by a timing clock
Related violations: <none>

TIMING-20#12 Warning
Non-clocked latch  
The latch u_IO_Bus/u_MEM/dram_input_reg[1] cannot be properly analyzed as its control pin u_IO_Bus/u_MEM/dram_input_reg[1]/G is not reached by a timing clock
Related violations: <none>

TIMING-20#13 Warning
Non-clocked latch  
The latch u_IO_Bus/u_MEM/dram_input_reg[20] cannot be properly analyzed as its control pin u_IO_Bus/u_MEM/dram_input_reg[20]/G is not reached by a timing clock
Related violations: <none>

TIMING-20#14 Warning
Non-clocked latch  
The latch u_IO_Bus/u_MEM/dram_input_reg[21] cannot be properly analyzed as its control pin u_IO_Bus/u_MEM/dram_input_reg[21]/G is not reached by a timing clock
Related violations: <none>

TIMING-20#15 Warning
Non-clocked latch  
The latch u_IO_Bus/u_MEM/dram_input_reg[22] cannot be properly analyzed as its control pin u_IO_Bus/u_MEM/dram_input_reg[22]/G is not reached by a timing clock
Related violations: <none>

TIMING-20#16 Warning
Non-clocked latch  
The latch u_IO_Bus/u_MEM/dram_input_reg[23] cannot be properly analyzed as its control pin u_IO_Bus/u_MEM/dram_input_reg[23]/G is not reached by a timing clock
Related violations: <none>

TIMING-20#17 Warning
Non-clocked latch  
The latch u_IO_Bus/u_MEM/dram_input_reg[24] cannot be properly analyzed as its control pin u_IO_Bus/u_MEM/dram_input_reg[24]/G is not reached by a timing clock
Related violations: <none>

TIMING-20#18 Warning
Non-clocked latch  
The latch u_IO_Bus/u_MEM/dram_input_reg[25] cannot be properly analyzed as its control pin u_IO_Bus/u_MEM/dram_input_reg[25]/G is not reached by a timing clock
Related violations: <none>

TIMING-20#19 Warning
Non-clocked latch  
The latch u_IO_Bus/u_MEM/dram_input_reg[26] cannot be properly analyzed as its control pin u_IO_Bus/u_MEM/dram_input_reg[26]/G is not reached by a timing clock
Related violations: <none>

TIMING-20#20 Warning
Non-clocked latch  
The latch u_IO_Bus/u_MEM/dram_input_reg[27] cannot be properly analyzed as its control pin u_IO_Bus/u_MEM/dram_input_reg[27]/G is not reached by a timing clock
Related violations: <none>

TIMING-20#21 Warning
Non-clocked latch  
The latch u_IO_Bus/u_MEM/dram_input_reg[28] cannot be properly analyzed as its control pin u_IO_Bus/u_MEM/dram_input_reg[28]/G is not reached by a timing clock
Related violations: <none>

TIMING-20#22 Warning
Non-clocked latch  
The latch u_IO_Bus/u_MEM/dram_input_reg[29] cannot be properly analyzed as its control pin u_IO_Bus/u_MEM/dram_input_reg[29]/G is not reached by a timing clock
Related violations: <none>

TIMING-20#23 Warning
Non-clocked latch  
The latch u_IO_Bus/u_MEM/dram_input_reg[2] cannot be properly analyzed as its control pin u_IO_Bus/u_MEM/dram_input_reg[2]/G is not reached by a timing clock
Related violations: <none>

TIMING-20#24 Warning
Non-clocked latch  
The latch u_IO_Bus/u_MEM/dram_input_reg[30] cannot be properly analyzed as its control pin u_IO_Bus/u_MEM/dram_input_reg[30]/G is not reached by a timing clock
Related violations: <none>

TIMING-20#25 Warning
Non-clocked latch  
The latch u_IO_Bus/u_MEM/dram_input_reg[31] cannot be properly analyzed as its control pin u_IO_Bus/u_MEM/dram_input_reg[31]/G is not reached by a timing clock
Related violations: <none>

TIMING-20#26 Warning
Non-clocked latch  
The latch u_IO_Bus/u_MEM/dram_input_reg[3] cannot be properly analyzed as its control pin u_IO_Bus/u_MEM/dram_input_reg[3]/G is not reached by a timing clock
Related violations: <none>

TIMING-20#27 Warning
Non-clocked latch  
The latch u_IO_Bus/u_MEM/dram_input_reg[4] cannot be properly analyzed as its control pin u_IO_Bus/u_MEM/dram_input_reg[4]/G is not reached by a timing clock
Related violations: <none>

TIMING-20#28 Warning
Non-clocked latch  
The latch u_IO_Bus/u_MEM/dram_input_reg[5] cannot be properly analyzed as its control pin u_IO_Bus/u_MEM/dram_input_reg[5]/G is not reached by a timing clock
Related violations: <none>

TIMING-20#29 Warning
Non-clocked latch  
The latch u_IO_Bus/u_MEM/dram_input_reg[6] cannot be properly analyzed as its control pin u_IO_Bus/u_MEM/dram_input_reg[6]/G is not reached by a timing clock
Related violations: <none>

TIMING-20#30 Warning
Non-clocked latch  
The latch u_IO_Bus/u_MEM/dram_input_reg[7] cannot be properly analyzed as its control pin u_IO_Bus/u_MEM/dram_input_reg[7]/G is not reached by a timing clock
Related violations: <none>

TIMING-20#31 Warning
Non-clocked latch  
The latch u_IO_Bus/u_MEM/dram_input_reg[8] cannot be properly analyzed as its control pin u_IO_Bus/u_MEM/dram_input_reg[8]/G is not reached by a timing clock
Related violations: <none>

TIMING-20#32 Warning
Non-clocked latch  
The latch u_IO_Bus/u_MEM/dram_input_reg[9] cannot be properly analyzed as its control pin u_IO_Bus/u_MEM/dram_input_reg[9]/G is not reached by a timing clock
Related violations: <none>

TIMING-20#33 Warning
Non-clocked latch  
The latch u_IO_Bus/u_MEM/mem_rD_o_reg[0] cannot be properly analyzed as its control pin u_IO_Bus/u_MEM/mem_rD_o_reg[0]/G is not reached by a timing clock
Related violations: <none>

TIMING-20#34 Warning
Non-clocked latch  
The latch u_IO_Bus/u_MEM/mem_rD_o_reg[10] cannot be properly analyzed as its control pin u_IO_Bus/u_MEM/mem_rD_o_reg[10]/G is not reached by a timing clock
Related violations: <none>

TIMING-20#35 Warning
Non-clocked latch  
The latch u_IO_Bus/u_MEM/mem_rD_o_reg[11] cannot be properly analyzed as its control pin u_IO_Bus/u_MEM/mem_rD_o_reg[11]/G is not reached by a timing clock
Related violations: <none>

TIMING-20#36 Warning
Non-clocked latch  
The latch u_IO_Bus/u_MEM/mem_rD_o_reg[12] cannot be properly analyzed as its control pin u_IO_Bus/u_MEM/mem_rD_o_reg[12]/G is not reached by a timing clock
Related violations: <none>

TIMING-20#37 Warning
Non-clocked latch  
The latch u_IO_Bus/u_MEM/mem_rD_o_reg[13] cannot be properly analyzed as its control pin u_IO_Bus/u_MEM/mem_rD_o_reg[13]/G is not reached by a timing clock
Related violations: <none>

TIMING-20#38 Warning
Non-clocked latch  
The latch u_IO_Bus/u_MEM/mem_rD_o_reg[14] cannot be properly analyzed as its control pin u_IO_Bus/u_MEM/mem_rD_o_reg[14]/G is not reached by a timing clock
Related violations: <none>

TIMING-20#39 Warning
Non-clocked latch  
The latch u_IO_Bus/u_MEM/mem_rD_o_reg[15] cannot be properly analyzed as its control pin u_IO_Bus/u_MEM/mem_rD_o_reg[15]/G is not reached by a timing clock
Related violations: <none>

TIMING-20#40 Warning
Non-clocked latch  
The latch u_IO_Bus/u_MEM/mem_rD_o_reg[16] cannot be properly analyzed as its control pin u_IO_Bus/u_MEM/mem_rD_o_reg[16]/G is not reached by a timing clock
Related violations: <none>

TIMING-20#41 Warning
Non-clocked latch  
The latch u_IO_Bus/u_MEM/mem_rD_o_reg[17] cannot be properly analyzed as its control pin u_IO_Bus/u_MEM/mem_rD_o_reg[17]/G is not reached by a timing clock
Related violations: <none>

TIMING-20#42 Warning
Non-clocked latch  
The latch u_IO_Bus/u_MEM/mem_rD_o_reg[18] cannot be properly analyzed as its control pin u_IO_Bus/u_MEM/mem_rD_o_reg[18]/G is not reached by a timing clock
Related violations: <none>

TIMING-20#43 Warning
Non-clocked latch  
The latch u_IO_Bus/u_MEM/mem_rD_o_reg[19] cannot be properly analyzed as its control pin u_IO_Bus/u_MEM/mem_rD_o_reg[19]/G is not reached by a timing clock
Related violations: <none>

TIMING-20#44 Warning
Non-clocked latch  
The latch u_IO_Bus/u_MEM/mem_rD_o_reg[1] cannot be properly analyzed as its control pin u_IO_Bus/u_MEM/mem_rD_o_reg[1]/G is not reached by a timing clock
Related violations: <none>

TIMING-20#45 Warning
Non-clocked latch  
The latch u_IO_Bus/u_MEM/mem_rD_o_reg[20] cannot be properly analyzed as its control pin u_IO_Bus/u_MEM/mem_rD_o_reg[20]/G is not reached by a timing clock
Related violations: <none>

TIMING-20#46 Warning
Non-clocked latch  
The latch u_IO_Bus/u_MEM/mem_rD_o_reg[21] cannot be properly analyzed as its control pin u_IO_Bus/u_MEM/mem_rD_o_reg[21]/G is not reached by a timing clock
Related violations: <none>

TIMING-20#47 Warning
Non-clocked latch  
The latch u_IO_Bus/u_MEM/mem_rD_o_reg[22] cannot be properly analyzed as its control pin u_IO_Bus/u_MEM/mem_rD_o_reg[22]/G is not reached by a timing clock
Related violations: <none>

TIMING-20#48 Warning
Non-clocked latch  
The latch u_IO_Bus/u_MEM/mem_rD_o_reg[23] cannot be properly analyzed as its control pin u_IO_Bus/u_MEM/mem_rD_o_reg[23]/G is not reached by a timing clock
Related violations: <none>

TIMING-20#49 Warning
Non-clocked latch  
The latch u_IO_Bus/u_MEM/mem_rD_o_reg[24] cannot be properly analyzed as its control pin u_IO_Bus/u_MEM/mem_rD_o_reg[24]/G is not reached by a timing clock
Related violations: <none>

TIMING-20#50 Warning
Non-clocked latch  
The latch u_IO_Bus/u_MEM/mem_rD_o_reg[25] cannot be properly analyzed as its control pin u_IO_Bus/u_MEM/mem_rD_o_reg[25]/G is not reached by a timing clock
Related violations: <none>

TIMING-20#51 Warning
Non-clocked latch  
The latch u_IO_Bus/u_MEM/mem_rD_o_reg[26] cannot be properly analyzed as its control pin u_IO_Bus/u_MEM/mem_rD_o_reg[26]/G is not reached by a timing clock
Related violations: <none>

TIMING-20#52 Warning
Non-clocked latch  
The latch u_IO_Bus/u_MEM/mem_rD_o_reg[27] cannot be properly analyzed as its control pin u_IO_Bus/u_MEM/mem_rD_o_reg[27]/G is not reached by a timing clock
Related violations: <none>

TIMING-20#53 Warning
Non-clocked latch  
The latch u_IO_Bus/u_MEM/mem_rD_o_reg[28] cannot be properly analyzed as its control pin u_IO_Bus/u_MEM/mem_rD_o_reg[28]/G is not reached by a timing clock
Related violations: <none>

TIMING-20#54 Warning
Non-clocked latch  
The latch u_IO_Bus/u_MEM/mem_rD_o_reg[29] cannot be properly analyzed as its control pin u_IO_Bus/u_MEM/mem_rD_o_reg[29]/G is not reached by a timing clock
Related violations: <none>

TIMING-20#55 Warning
Non-clocked latch  
The latch u_IO_Bus/u_MEM/mem_rD_o_reg[2] cannot be properly analyzed as its control pin u_IO_Bus/u_MEM/mem_rD_o_reg[2]/G is not reached by a timing clock
Related violations: <none>

TIMING-20#56 Warning
Non-clocked latch  
The latch u_IO_Bus/u_MEM/mem_rD_o_reg[30] cannot be properly analyzed as its control pin u_IO_Bus/u_MEM/mem_rD_o_reg[30]/G is not reached by a timing clock
Related violations: <none>

TIMING-20#57 Warning
Non-clocked latch  
The latch u_IO_Bus/u_MEM/mem_rD_o_reg[31] cannot be properly analyzed as its control pin u_IO_Bus/u_MEM/mem_rD_o_reg[31]/G is not reached by a timing clock
Related violations: <none>

TIMING-20#58 Warning
Non-clocked latch  
The latch u_IO_Bus/u_MEM/mem_rD_o_reg[3] cannot be properly analyzed as its control pin u_IO_Bus/u_MEM/mem_rD_o_reg[3]/G is not reached by a timing clock
Related violations: <none>

TIMING-20#59 Warning
Non-clocked latch  
The latch u_IO_Bus/u_MEM/mem_rD_o_reg[4] cannot be properly analyzed as its control pin u_IO_Bus/u_MEM/mem_rD_o_reg[4]/G is not reached by a timing clock
Related violations: <none>

TIMING-20#60 Warning
Non-clocked latch  
The latch u_IO_Bus/u_MEM/mem_rD_o_reg[5] cannot be properly analyzed as its control pin u_IO_Bus/u_MEM/mem_rD_o_reg[5]/G is not reached by a timing clock
Related violations: <none>

TIMING-20#61 Warning
Non-clocked latch  
The latch u_IO_Bus/u_MEM/mem_rD_o_reg[6] cannot be properly analyzed as its control pin u_IO_Bus/u_MEM/mem_rD_o_reg[6]/G is not reached by a timing clock
Related violations: <none>

TIMING-20#62 Warning
Non-clocked latch  
The latch u_IO_Bus/u_MEM/mem_rD_o_reg[7] cannot be properly analyzed as its control pin u_IO_Bus/u_MEM/mem_rD_o_reg[7]/G is not reached by a timing clock
Related violations: <none>

TIMING-20#63 Warning
Non-clocked latch  
The latch u_IO_Bus/u_MEM/mem_rD_o_reg[8] cannot be properly analyzed as its control pin u_IO_Bus/u_MEM/mem_rD_o_reg[8]/G is not reached by a timing clock
Related violations: <none>

TIMING-20#64 Warning
Non-clocked latch  
The latch u_IO_Bus/u_MEM/mem_rD_o_reg[9] cannot be properly analyzed as its control pin u_IO_Bus/u_MEM/mem_rD_o_reg[9]/G is not reached by a timing clock
Related violations: <none>

TIMING-20#65 Warning
Non-clocked latch  
The latch u_miniRV/u_CTRL/alu_op_o_reg[0] cannot be properly analyzed as its control pin u_miniRV/u_CTRL/alu_op_o_reg[0]/G is not reached by a timing clock
Related violations: <none>

TIMING-20#66 Warning
Non-clocked latch  
The latch u_miniRV/u_CTRL/alu_op_o_reg[1] cannot be properly analyzed as its control pin u_miniRV/u_CTRL/alu_op_o_reg[1]/G is not reached by a timing clock
Related violations: <none>

TIMING-20#67 Warning
Non-clocked latch  
The latch u_miniRV/u_CTRL/alu_op_o_reg[2] cannot be properly analyzed as its control pin u_miniRV/u_CTRL/alu_op_o_reg[2]/G is not reached by a timing clock
Related violations: <none>

TIMING-20#68 Warning
Non-clocked latch  
The latch u_miniRV/u_CTRL/alu_op_o_reg[3] cannot be properly analyzed as its control pin u_miniRV/u_CTRL/alu_op_o_reg[3]/G is not reached by a timing clock
Related violations: <none>

TIMING-20#69 Warning
Non-clocked latch  
The latch u_miniRV/u_CTRL/alu_op_o_reg[4] cannot be properly analyzed as its control pin u_miniRV/u_CTRL/alu_op_o_reg[4]/G is not reached by a timing clock
Related violations: <none>

TIMING-20#70 Warning
Non-clocked latch  
The latch u_miniRV/u_CTRL/mem_data_sel_o_reg[0] cannot be properly analyzed as its control pin u_miniRV/u_CTRL/mem_data_sel_o_reg[0]/G is not reached by a timing clock
Related violations: <none>

TIMING-20#71 Warning
Non-clocked latch  
The latch u_miniRV/u_CTRL/mem_data_sel_o_reg[1] cannot be properly analyzed as its control pin u_miniRV/u_CTRL/mem_data_sel_o_reg[1]/G is not reached by a timing clock
Related violations: <none>

TIMING-20#72 Warning
Non-clocked latch  
The latch u_miniRV/u_CTRL/mem_data_sel_o_reg[2] cannot be properly analyzed as its control pin u_miniRV/u_CTRL/mem_data_sel_o_reg[2]/G is not reached by a timing clock
Related violations: <none>

TIMING-20#73 Warning
Non-clocked latch  
The latch u_miniRV/u_CTRL/sext_sel_o_reg[0] cannot be properly analyzed as its control pin u_miniRV/u_CTRL/sext_sel_o_reg[0]/G is not reached by a timing clock
Related violations: <none>

TIMING-20#74 Warning
Non-clocked latch  
The latch u_miniRV/u_CTRL/sext_sel_o_reg[1] cannot be properly analyzed as its control pin u_miniRV/u_CTRL/sext_sel_o_reg[1]/G is not reached by a timing clock
Related violations: <none>

TIMING-20#75 Warning
Non-clocked latch  
The latch u_miniRV/u_CTRL/sext_sel_o_reg[2] cannot be properly analyzed as its control pin u_miniRV/u_CTRL/sext_sel_o_reg[2]/G is not reached by a timing clock
Related violations: <none>


